<?xml version="1.0" encoding="UTF-8"?>
<testng-results skipped="0" failed="0" ignored="0" total="1" passed="1">
  <reporter-output>
  </reporter-output>
  <suite name="Default suite" duration-ms="21234" started-at="2019-02-18T07:45:39Z" finished-at="2019-02-18T07:46:00Z">
    <groups>
    </groups>
    <test name="Default test" duration-ms="21234" started-at="2019-02-18T07:45:39Z" finished-at="2019-02-18T07:46:00Z">
      <class name="com.training.sanity.tests.TC005_EditProfile">
        <test-method status="PASS" signature="setUpBeforeClass()[pri:0, instance:com.training.sanity.tests.TC005_EditProfile@5e3a8624]" name="setUpBeforeClass" is-config="true" duration-ms="32" started-at="2019-02-18T07:45:39Z" finished-at="2019-02-18T07:45:39Z">
          <reporter-output>
          </reporter-output>
        </test-method> <!-- setUpBeforeClass -->
        <test-method status="PASS" signature="setUp()[pri:0, instance:com.training.sanity.tests.TC005_EditProfile@5e3a8624]" name="setUp" is-config="true" duration-ms="8113" started-at="2019-02-18T07:45:39Z" finished-at="2019-02-18T07:45:47Z">
          <reporter-output>
          </reporter-output>
        </test-method> <!-- setUp -->
        <test-method status="PASS" signature="validLogin()[pri:0, instance:com.training.sanity.tests.TC005_EditProfile@5e3a8624]" name="validLogin" duration-ms="11214" started-at="2019-02-18T07:45:47Z" finished-at="2019-02-18T07:45:58Z">
          <reporter-output>
          </reporter-output>
        </test-method> <!-- validLogin -->
        <test-method status="PASS" signature="tearDown()[pri:0, instance:com.training.sanity.tests.TC005_EditProfile@5e3a8624]" name="tearDown" is-config="true" duration-ms="1845" started-at="2019-02-18T07:45:58Z" finished-at="2019-02-18T07:46:00Z">
          <reporter-output>
          </reporter-output>
        </test-method> <!-- tearDown -->
      </class> <!-- com.training.sanity.tests.TC005_EditProfile -->
    </test> <!-- Default test -->
  </suite> <!-- Default suite -->
</testng-results>
